This file contains any messages produced by compilers while
running configure, to aid debugging if configure makes a mistake.

It was created by log4cpp configure 1.1, which was
generated by GNU Autoconf 2.68.  Invocation command line was

  $ ./configure --with-pthreads

## --------- ##
## Platform. ##
## --------- ##

hostname = SED-DBYRD
uname -m = i686
uname -r = 1.0.18(0.48/3/2)
uname -s = MINGW32_NT-6.1
uname -v = 2012-11-21 22:34

/usr/bin/uname -p = unknown
/bin/uname -X     = unknown

/bin/arch              = unknown
/usr/bin/arch -k       = unknown
/usr/convex/getsysinfo = unknown
/usr/bin/hostinfo      = unknown
/bin/machine           = unknown
/usr/bin/oslevel       = unknown
/bin/universe          = unknown

PATH: .
PATH: /usr/local/bin
PATH: /mingw/bin
PATH: /bin
PATH: /c/ProgramData/Oracle/Java/javapath
PATH: /c/Program Files (x86)/Common Files/Intel/Shared Libraries/redist/intel64/mpirt
PATH: /c/Program Files (x86)/Common Files/Intel/Shared Libraries/redist/intel64/compiler
PATH: /c/Program Files (x86)/Common Files/Intel/Shared Libraries/redist/ia32/mpirt
PATH: /c/Program Files (x86)/Common Files/Intel/Shared Libraries/redist/ia32/compiler
PATH: /c/Program Files (x86)/Intel/ComposerXE-2011/redist/intel64/mkl
PATH: /c/Program Files (x86)/Intel/ComposerXE-2011/redist/ia32/mkl
PATH: /c/Program Files (x86)/Intel/ComposerXE-2011/redist/intel64/mpirt
PATH: /c/Program Files (x86)/Intel/ComposerXE-2011/redist/intel64/compiler
PATH: /c/Program Files (x86)/Intel/ComposerXE-2011/redist/ia32/mpirt
PATH: /c/Program Files (x86)/Intel/ComposerXE-2011/redist/ia32/compiler
PATH: /c/Program Files (x86)/Intel/ComposerXE-2011/compiler/lib
PATH: /c/Program Files (x86)/NVIDIA Corporation/PhysX/Common
PATH: /c/Program Files/Dell/DW WLAN Card
PATH: /c/Windows/system32
PATH: /c/Windows
PATH: /c/Windows/System32/Wbem
PATH: /c/Windows/System32/WindowsPowerShell/v1.0/
PATH: /c/Program Files (x86)/ATI Technologies/ATI.ACE/Core-Static
PATH: /c/Program Files/Intel/DMIX
PATH: /c/Program Files (x86)/Common Files/Roxio Shared/DLLShared/
PATH: /c/Program Files (x86)/Common Files/Roxio Shared/9.0/DLLShared/
PATH: /c/Program Files (x86)/Microsoft SQL Server/90/Tools/binn/
PATH: /c/Program Files (x86)/QuickTime/QTSystem/
PATH: /c/Program Files (x86)/IBM/RationalSDLC/ClearCase/bin
PATH: /c/Program Files (x86)/IBM/RationalSDLC/common
PATH: /c/Program Files (x86)/Intel/IDB/9.1/EM64T/Script
PATH: /c/Program Files/doxygen/bin
PATH: /c/Program Files/Microsoft SQL Server/110/Tools/Binn/
PATH: /c/Program Files (x86)/Windows Kits/8.1/Windows Performance Toolkit/
PATH: /c/Program Files (x86)/Microsoft SDKs/TypeScript/1.0/
PATH: /c/Program Files/Microsoft SQL Server/120/Tools/Binn/
PATH: /c/Program Files (x86)/Microsoft SDKs/TypeScript/1.1/
PATH: /c/Program Files/TortoiseSVN/bin
PATH: /c/Program Files (x86)/CMake/bin
PATH: /c/Program Files (x86)/ANT/bin
PATH: /c/Program Files (x86)/Java/jdk1.8.0_40/bin
PATH: %XSD%/bin
PATH: /mingw/bin
PATH: /c/ruby/bin
PATH: /c/Users/dbyrd/AppData/Local/Code Collaborator Client
PATH: /d/Scripts
PATH: /c/Program Files (x86)/CMake/bin
PATH: %ANT_HOME%/bin
PATH: %JAVA_HOME%/bin
PATH: %JAVA_HOME64%/bin
PATH: %XSD%/bin
PATH: %MINGW_HOME%/bin
PATH: /c/Users/dbyrd/AppData/Local/Code/bin


## ----------- ##
## Core tests. ##
## ----------- ##

configure:2410: checking for a BSD-compatible install
configure:2478: result: /bin/install -c
configure:2489: checking whether build environment is sane
configure:2539: result: yes
configure:2567: WARNING: `missing' script is too old or missing
configure:2680: checking for a thread-safe mkdir -p
configure:2719: result: /bin/mkdir -p
configure:2732: checking for gawk
configure:2748: found /bin/gawk
configure:2759: result: gawk
configure:2770: checking whether make sets $(MAKE)
configure:2792: result: yes
configure:2888: checking build system type
configure:2902: result: i686-pc-mingw32
configure:2922: checking host system type
configure:2935: result: i686-pc-mingw32
configure:3018: checking how to print strings
configure:3045: result: printf
configure:3078: checking for style of include used by make
configure:3106: result: GNU
configure:3177: checking for gcc
configure:3193: found /mingw/bin/gcc
configure:3204: result: gcc
configure:3433: checking for C compiler version
configure:3442: gcc --version >&5
gcc.exe (GCC) 4.8.1
Copyright (C) 2013 Free Software Foundation, Inc.
This is free software; see the source for copying conditions.  There is NO
warranty; not even for MERCHANTABILITY or FITNESS FOR A PARTICULAR PURPOSE.

configure:3453: $? = 0
configure:3442: gcc -v >&5
Using built-in specs.
COLLECT_GCC=c:\mingw\bin\gcc.exe
COLLECT_LTO_WRAPPER=c:/mingw/bin/../libexec/gcc/mingw32/4.8.1/lto-wrapper.exe
Target: mingw32
Configured with: ../gcc-4.8.1/configure --prefix=/mingw --host=mingw32 --build=mingw32 --without-pic --enable-shared --enable-static --with-gnu-ld --enable-lto --enable-libssp --disable-multilib --enable-languages=c,c++,fortran,objc,obj-c++,ada --disable-sjlj-exceptions --with-dwarf2 --disable-win32-registry --enable-libstdcxx-debug --enable-version-specific-runtime-libs --with-gmp=/usr/src/pkg/gmp-5.1.2-1-mingw32-src/bld --with-mpc=/usr/src/pkg/mpc-1.0.1-1-mingw32-src/bld --with-mpfr= --with-system-zlib --with-gnu-as --enable-decimal-float=yes --enable-libgomp --enable-threads --with-libiconv-prefix=/mingw32 --with-libintl-prefix=/mingw --disable-bootstrap LDFLAGS=-s CFLAGS=-D_USE_32BIT_TIME_T
Thread model: win32
gcc version 4.8.1 (GCC) 
configure:3453: $? = 0
configure:3442: gcc -V >&5
gcc.exe: error: unrecognized command line option '-V'
gcc.exe: fatal error: no input files
compilation terminated.
configure:3453: $? = 1
configure:3442: gcc -qversion >&5
gcc.exe: error: unrecognized command line option '-qversion'
gcc.exe: fatal error: no input files
compilation terminated.
configure:3453: $? = 1
configure:3473: checking whether the C compiler works
configure:3495: gcc    conftest.c  >&5
configure:3499: $? = 0
configure:3547: result: yes
configure:3550: checking for C compiler default output file name
configure:3552: result: a.exe
configure:3558: checking for suffix of executables
configure:3565: gcc -o conftest.exe    conftest.c  >&5
configure:3569: $? = 0
configure:3591: result: .exe
configure:3613: checking whether we are cross compiling
configure:3621: gcc -o conftest.exe    conftest.c  >&5
configure:3625: $? = 0
configure:3632: ./conftest.exe
configure:3636: $? = 0
configure:3651: result: no
configure:3656: checking for suffix of object files
configure:3678: gcc -c   conftest.c >&5
configure:3682: $? = 0
configure:3703: result: o
configure:3707: checking whether we are using the GNU C compiler
configure:3726: gcc -c   conftest.c >&5
configure:3726: $? = 0
configure:3735: result: yes
configure:3744: checking whether gcc accepts -g
configure:3764: gcc -c -g  conftest.c >&5
configure:3764: $? = 0
configure:3805: result: yes
configure:3822: checking for gcc option to accept ISO C89
configure:3886: gcc  -c -g -O2  conftest.c >&5
configure:3886: $? = 0
configure:3899: result: none needed
configure:3921: checking dependency style of gcc
configure:4032: result: gcc3
configure:4047: checking for a sed that does not truncate output
configure:4111: result: /bin/sed
configure:4129: checking for grep that handles long lines and -e
configure:4187: result: /bin/grep
configure:4192: checking for egrep
configure:4254: result: /bin/grep -E
configure:4259: checking for fgrep
configure:4321: result: /bin/grep -F
configure:4356: checking for ld used by gcc
configure:4423: result: c:/mingw/mingw32/bin/ld.exe
configure:4430: checking if the linker (c:/mingw/mingw32/bin/ld.exe) is GNU ld
configure:4445: result: yes
configure:4457: checking for BSD- or MS-compatible name lister (nm)
configure:4506: result: /mingw/bin/nm
configure:4636: checking the name lister (/mingw/bin/nm) interface
configure:4643: gcc -c -g -O2  conftest.c >&5
configure:4646: /mingw/bin/nm "conftest.o"
configure:4649: output
00000000 b .bss
00000000 d .data
00000000 N .debug_abbrev
00000000 N .debug_aranges
00000000 N .debug_info
00000000 N .debug_line
00000000 r .rdata$zzz
00000000 t .text
00000000 B _some_variable
configure:4656: result: BSD nm
configure:4659: checking whether ln -s works
configure:4666: result: no, using cp -p
configure:4671: checking the maximum length of command line arguments
configure:4801: result: 8192
configure:4818: checking whether the shell understands some XSI constructs
configure:4828: result: yes
configure:4832: checking whether the shell understands "+="
configure:4838: result: yes
configure:4873: checking how to convert i686-pc-mingw32 file names to i686-pc-mingw32 format
configure:4913: result: func_convert_file_msys_to_w32
configure:4920: checking how to convert i686-pc-mingw32 file names to toolchain format
configure:4940: result: func_convert_file_msys_to_w32
configure:4947: checking for c:/mingw/mingw32/bin/ld.exe option to reload object files
configure:4954: result: -r
configure:5028: checking for objdump
configure:5044: found /mingw/bin/objdump
configure:5055: result: objdump
configure:5087: checking how to recognize dependent libraries
configure:5289: result: file_magic ^x86 archive import|^x86 DLL
configure:5374: checking for dlltool
configure:5390: found /mingw/bin/dlltool
configure:5401: result: dlltool
configure:5434: checking how to associate runtime and link libraries
configure:5461: result: func_cygming_dll_for_implib
configure:5522: checking for ar
configure:5538: found /mingw/bin/ar
configure:5549: result: ar
configure:5586: checking for archiver @FILE support
configure:5603: gcc -c -g -O2  conftest.c >&5
configure:5603: $? = 0
configure:5606: ar cru libconftest.a @conftest.lst >&5
configure:5609: $? = 0
configure:5614: ar cru libconftest.a @conftest.lst >&5
c:\mingw\bin\ar.exe: conftest.o: No such file or directory
configure:5617: $? = 1
configure:5629: result: @
configure:5687: checking for strip
configure:5703: found /mingw/bin/strip
configure:5714: result: strip
configure:5786: checking for ranlib
configure:5802: found /mingw/bin/ranlib
configure:5813: result: ranlib
configure:5915: checking command to parse /mingw/bin/nm output from gcc object
configure:6035: gcc -c -g -O2  conftest.c >&5
configure:6038: $? = 0
configure:6042: /mingw/bin/nm conftest.o \| sed -n -e 's/^.*[ ]\([ABCDGIRSTW][ABCDGIRSTW]*\)[ ][ ]*\([_A-Za-z][_A-Za-z0-9]*\)\{0,1\}$/\1 \2 \2/p' | sed '/ __gnu_lto/d' \> conftest.nm
configure:6045: $? = 0
cannot find nm_test_var in conftest.nm
configure:6035: gcc -c -g -O2  conftest.c >&5
configure:6038: $? = 0
configure:6042: /mingw/bin/nm conftest.o \| sed -n -e 's/^.*[ ]\([ABCDGIRSTW][ABCDGIRSTW]*\)[ ][ ]*_\([_A-Za-z][_A-Za-z0-9]*\)\{0,1\}$/\1 _\2 \2/p' | sed '/ __gnu_lto/d' \> conftest.nm
configure:6045: $? = 0
configure:6111: gcc -o conftest.exe -g -O2   conftest.c conftstm.o >&5
configure:6114: $? = 0
configure:6152: result: ok
configure:6189: checking for sysroot
configure:6219: result: no
configure:6475: checking for mt
configure:6505: result: no
configure:6525: checking if : is a manifest tool
configure:6531: : '-?'
configure:6539: result: no
configure:7181: checking how to run the C preprocessor
configure:7212: gcc -E  conftest.c
configure:7212: $? = 0
configure:7226: gcc -E  conftest.c
conftest.c:11:28: fatal error: ac_nonexistent.h: No such file or directory
 #include <ac_nonexistent.h>
                            ^
compilation terminated.
configure:7226: $? = 1
configure: failed program was:
| /* confdefs.h */
| #define PACKAGE_NAME "log4cpp"
| #define PACKAGE_TARNAME "log4cpp"
| #define PACKAGE_VERSION "1.1"
| #define PACKAGE_STRING "log4cpp 1.1"
| #define PACKAGE_BUGREPORT ""
| #define PACKAGE_URL ""
| #define PACKAGE "log4cpp"
| #define VERSION "1.1"
| /* end confdefs.h.  */
| #include <ac_nonexistent.h>
configure:7251: result: gcc -E
configure:7271: gcc -E  conftest.c
configure:7271: $? = 0
configure:7285: gcc -E  conftest.c
conftest.c:11:28: fatal error: ac_nonexistent.h: No such file or directory
 #include <ac_nonexistent.h>
                            ^
compilation terminated.
configure:7285: $? = 1
configure: failed program was:
| /* confdefs.h */
| #define PACKAGE_NAME "log4cpp"
| #define PACKAGE_TARNAME "log4cpp"
| #define PACKAGE_VERSION "1.1"
| #define PACKAGE_STRING "log4cpp 1.1"
| #define PACKAGE_BUGREPORT ""
| #define PACKAGE_URL ""
| #define PACKAGE "log4cpp"
| #define VERSION "1.1"
| /* end confdefs.h.  */
| #include <ac_nonexistent.h>
configure:7314: checking for ANSI C header files
configure:7334: gcc -c -g -O2  conftest.c >&5
configure:7334: $? = 0
configure:7407: gcc -o conftest.exe -g -O2   conftest.c  >&5
configure:7407: $? = 0
configure:7407: ./conftest.exe
configure:7407: $? = 0
configure:7418: result: yes
configure:7431: checking for sys/types.h
configure:7431: gcc -c -g -O2  conftest.c >&5
configure:7431: $? = 0
configure:7431: result: yes
configure:7431: checking for sys/stat.h
configure:7431: gcc -c -g -O2  conftest.c >&5
configure:7431: $? = 0
configure:7431: result: yes
configure:7431: checking for stdlib.h
configure:7431: gcc -c -g -O2  conftest.c >&5
configure:7431: $? = 0
configure:7431: result: yes
configure:7431: checking for string.h
configure:7431: gcc -c -g -O2  conftest.c >&5
configure:7431: $? = 0
configure:7431: result: yes
configure:7431: checking for memory.h
configure:7431: gcc -c -g -O2  conftest.c >&5
configure:7431: $? = 0
configure:7431: result: yes
configure:7431: checking for strings.h
configure:7431: gcc -c -g -O2  conftest.c >&5
configure:7431: $? = 0
configure:7431: result: yes
configure:7431: checking for inttypes.h
configure:7431: gcc -c -g -O2  conftest.c >&5
configure:7431: $? = 0
configure:7431: result: yes
configure:7431: checking for stdint.h
configure:7431: gcc -c -g -O2  conftest.c >&5
configure:7431: $? = 0
configure:7431: result: yes
configure:7431: checking for unistd.h
configure:7431: gcc -c -g -O2  conftest.c >&5
configure:7431: $? = 0
configure:7431: result: yes
configure:7445: checking for dlfcn.h
configure:7445: gcc -c -g -O2  conftest.c >&5
configure:7445: $? = 0
configure:7445: result: yes
configure:7651: checking for objdir
configure:7666: result: .libs
configure:7933: checking if gcc supports -fno-rtti -fno-exceptions
configure:7951: gcc -c -g -O2  -fno-rtti -fno-exceptions conftest.c >&5
cc1.exe: warning: command line option '-fno-rtti' is valid for C++/ObjC++ but not for C [enabled by default]
configure:7955: $? = 0
configure:7968: result: no
configure:8295: checking for gcc option to produce PIC
configure:8302: result: -DDLL_EXPORT -DPIC
configure:8310: checking if gcc PIC flag -DDLL_EXPORT -DPIC works
configure:8328: gcc -c -g -O2  -DDLL_EXPORT -DPIC -DPIC conftest.c >&5
configure:8332: $? = 0
configure:8345: result: yes
configure:8374: checking if gcc static flag -static works
configure:8402: result: yes
configure:8417: checking if gcc supports -c -o file.o
configure:8438: gcc -c -g -O2  -o out/conftest2.o conftest.c >&5
configure:8442: $? = 0
configure:8464: result: yes
configure:8472: checking if gcc supports -c -o file.o
configure:8519: result: yes
configure:8552: checking whether the gcc linker (c:/mingw/mingw32/bin/ld.exe) supports shared libraries
configure:9709: result: yes
configure:9746: checking whether -lc should be explicitly linked in
configure:9754: gcc -c -g -O2  conftest.c >&5
configure:9757: $? = 0
configure:9772: gcc -shared conftest.o  -v -o ./conftest -Wl,--enable-auto-image-base -Xlinker --out-implib -Xlinker conftest 2\>\&1 \| /bin/grep  -lc  \>/dev/null 2\>\&1
configure:9775: $? = 1
configure:9789: result: yes
configure:9949: checking dynamic linker characteristics
configure:10694: result: Win32 ld.exe
configure:10801: checking how to hardcode library paths into programs
configure:10826: result: immediate
configure:11366: checking whether stripping libraries is possible
configure:11371: result: yes
configure:11406: checking if libtool supports shared libraries
configure:11408: result: yes
configure:11411: checking whether to build shared libraries
configure:11432: result: yes
configure:11435: checking whether to build static libraries
configure:11439: result: yes
configure:11477: checking whether make sets $(MAKE)
configure:11499: result: yes
configure:11567: checking for g++
configure:11583: found /mingw/bin/g++
configure:11594: result: g++
configure:11621: checking for C++ compiler version
configure:11630: g++ --version >&5
g++.exe (GCC) 4.8.1
Copyright (C) 2013 Free Software Foundation, Inc.
This is free software; see the source for copying conditions.  There is NO
warranty; not even for MERCHANTABILITY or FITNESS FOR A PARTICULAR PURPOSE.

configure:11641: $? = 0
configure:11630: g++ -v >&5
Using built-in specs.
COLLECT_GCC=c:\mingw\bin\g++.exe
COLLECT_LTO_WRAPPER=c:/mingw/bin/../libexec/gcc/mingw32/4.8.1/lto-wrapper.exe
Target: mingw32
Configured with: ../gcc-4.8.1/configure --prefix=/mingw --host=mingw32 --build=mingw32 --without-pic --enable-shared --enable-static --with-gnu-ld --enable-lto --enable-libssp --disable-multilib --enable-languages=c,c++,fortran,objc,obj-c++,ada --disable-sjlj-exceptions --with-dwarf2 --disable-win32-registry --enable-libstdcxx-debug --enable-version-specific-runtime-libs --with-gmp=/usr/src/pkg/gmp-5.1.2-1-mingw32-src/bld --with-mpc=/usr/src/pkg/mpc-1.0.1-1-mingw32-src/bld --with-mpfr= --with-system-zlib --with-gnu-as --enable-decimal-float=yes --enable-libgomp --enable-threads --with-libiconv-prefix=/mingw32 --with-libintl-prefix=/mingw --disable-bootstrap LDFLAGS=-s CFLAGS=-D_USE_32BIT_TIME_T
Thread model: win32
gcc version 4.8.1 (GCC) 
configure:11641: $? = 0
configure:11630: g++ -V >&5
g++.exe: error: unrecognized command line option '-V'
g++.exe: fatal error: no input files
compilation terminated.
configure:11641: $? = 1
configure:11630: g++ -qversion >&5
g++.exe: error: unrecognized command line option '-qversion'
g++.exe: fatal error: no input files
compilation terminated.
configure:11641: $? = 1
configure:11645: checking whether we are using the GNU C++ compiler
configure:11664: g++ -c   conftest.cpp >&5
configure:11664: $? = 0
configure:11673: result: yes
configure:11682: checking whether g++ accepts -g
configure:11702: g++ -c -g  conftest.cpp >&5
configure:11702: $? = 0
configure:11743: result: yes
configure:11768: checking dependency style of g++
configure:11879: result: gcc3
configure:11912: checking how to run the C++ preprocessor
configure:11939: g++ -E  conftest.cpp
configure:11939: $? = 0
configure:11953: g++ -E  conftest.cpp
conftest.cpp:23:28: fatal error: ac_nonexistent.h: No such file or directory
 #include <ac_nonexistent.h>
                            ^
compilation terminated.
configure:11953: $? = 1
configure: failed program was:
| /* confdefs.h */
| #define PACKAGE_NAME "log4cpp"
| #define PACKAGE_TARNAME "log4cpp"
| #define PACKAGE_VERSION "1.1"
| #define PACKAGE_STRING "log4cpp 1.1"
| #define PACKAGE_BUGREPORT ""
| #define PACKAGE_URL ""
| #define PACKAGE "log4cpp"
| #define VERSION "1.1"
| #define STDC_HEADERS 1
| #define HAVE_SYS_TYPES_H 1
| #define HAVE_SYS_STAT_H 1
| #define HAVE_STDLIB_H 1
| #define HAVE_STRING_H 1
| #define HAVE_MEMORY_H 1
| #define HAVE_STRINGS_H 1
| #define HAVE_INTTYPES_H 1
| #define HAVE_STDINT_H 1
| #define HAVE_UNISTD_H 1
| #define HAVE_DLFCN_H 1
| #define LT_OBJDIR ".libs/"
| /* end confdefs.h.  */
| #include <ac_nonexistent.h>
configure:11978: result: g++ -E
configure:11998: g++ -E  conftest.cpp
configure:11998: $? = 0
configure:12012: g++ -E  conftest.cpp
conftest.cpp:23:28: fatal error: ac_nonexistent.h: No such file or directory
 #include <ac_nonexistent.h>
                            ^
compilation terminated.
configure:12012: $? = 1
configure: failed program was:
| /* confdefs.h */
| #define PACKAGE_NAME "log4cpp"
| #define PACKAGE_TARNAME "log4cpp"
| #define PACKAGE_VERSION "1.1"
| #define PACKAGE_STRING "log4cpp 1.1"
| #define PACKAGE_BUGREPORT ""
| #define PACKAGE_URL ""
| #define PACKAGE "log4cpp"
| #define VERSION "1.1"
| #define STDC_HEADERS 1
| #define HAVE_SYS_TYPES_H 1
| #define HAVE_SYS_STAT_H 1
| #define HAVE_STDLIB_H 1
| #define HAVE_STRING_H 1
| #define HAVE_MEMORY_H 1
| #define HAVE_STRINGS_H 1
| #define HAVE_INTTYPES_H 1
| #define HAVE_STDINT_H 1
| #define HAVE_UNISTD_H 1
| #define HAVE_DLFCN_H 1
| #define LT_OBJDIR ".libs/"
| /* end confdefs.h.  */
| #include <ac_nonexistent.h>
configure:12181: checking for ld used by g++
configure:12248: result: c:/mingw/mingw32/bin/ld.exe
configure:12255: checking if the linker (c:/mingw/mingw32/bin/ld.exe) is GNU ld
configure:12270: result: yes
configure:12325: checking whether the g++ linker (c:/mingw/mingw32/bin/ld.exe) supports shared libraries
configure:13330: result: yes
configure:13366: g++ -c -g -O2  conftest.cpp >&5
configure:13369: $? = 0
configure:13889: checking for g++ option to produce PIC
configure:13896: result: -DDLL_EXPORT -DPIC
configure:13904: checking if g++ PIC flag -DDLL_EXPORT -DPIC works
configure:13922: g++ -c -g -O2  -DDLL_EXPORT -DPIC -DPIC conftest.cpp >&5
configure:13926: $? = 0
configure:13939: result: yes
configure:13962: checking if g++ static flag -static works
configure:13990: result: yes
configure:14002: checking if g++ supports -c -o file.o
configure:14023: g++ -c -g -O2  -o out/conftest2.o conftest.cpp >&5
configure:14027: $? = 0
configure:14049: result: yes
configure:14054: checking if g++ supports -c -o file.o
configure:14101: result: yes
configure:14131: checking whether the g++ linker (c:/mingw/mingw32/bin/ld.exe) supports shared libraries
configure:14170: result: yes
configure:14311: checking dynamic linker characteristics
configure:14990: result: Win32 ld.exe
configure:15043: checking how to hardcode library paths into programs
configure:15068: result: immediate
configure:15119: checking how to run the C++ preprocessor
configure:15185: result: g++ -E
configure:15205: g++ -E  conftest.cpp
configure:15205: $? = 0
configure:15219: g++ -E  conftest.cpp
conftest.cpp:23:28: fatal error: ac_nonexistent.h: No such file or directory
 #include <ac_nonexistent.h>
                            ^
compilation terminated.
configure:15219: $? = 1
configure: failed program was:
| /* confdefs.h */
| #define PACKAGE_NAME "log4cpp"
| #define PACKAGE_TARNAME "log4cpp"
| #define PACKAGE_VERSION "1.1"
| #define PACKAGE_STRING "log4cpp 1.1"
| #define PACKAGE_BUGREPORT ""
| #define PACKAGE_URL ""
| #define PACKAGE "log4cpp"
| #define VERSION "1.1"
| #define STDC_HEADERS 1
| #define HAVE_SYS_TYPES_H 1
| #define HAVE_SYS_STAT_H 1
| #define HAVE_STDLIB_H 1
| #define HAVE_STRING_H 1
| #define HAVE_MEMORY_H 1
| #define HAVE_STRINGS_H 1
| #define HAVE_INTTYPES_H 1
| #define HAVE_STDINT_H 1
| #define HAVE_UNISTD_H 1
| #define HAVE_DLFCN_H 1
| #define LT_OBJDIR ".libs/"
| /* end confdefs.h.  */
| #include <ac_nonexistent.h>
configure:15258: checking for unistd.h
configure:15258: result: yes
configure:15270: checking io.h usability
configure:15270: gcc -c   conftest.c >&5
configure:15270: $? = 0
configure:15270: result: yes
configure:15270: checking io.h presence
configure:15270: gcc -E  conftest.c
configure:15270: $? = 0
configure:15270: result: yes
configure:15270: checking for io.h
configure:15270: result: yes
configure:15283: checking for int64_t
configure:15299: gcc -c   conftest.c >&5
configure:15299: $? = 0
configure:15307: result: yes
configure:15318: checking for working snprintf
configure:15332: gcc -o conftest.exe    conftest.c  >&5
conftest.c:25:0: warning: "HAVE_STDINT_H" redefined [enabled by default]
 #define HAVE_STDINT_H /**/
 ^
conftest.c:18:0: note: this is the location of the previous definition
 #define HAVE_STDINT_H 1
 ^
conftest.c: In function 'main':
conftest.c:28:50: warning: incompatible implicit declaration of built-in function 'exit' [enabled by default]
 int main () { int l = snprintf(NULL,0,"%d",100); exit (!((3 <= l) || (-1 == l))); }
                                                  ^
configure:15332: $? = 0
configure:15332: ./conftest.exe
configure:15332: $? = 0
configure:15342: result: yes
configure:15354: checking for syslog
configure:15354: gcc -o conftest.exe    conftest.c  >&5
conftest.c:25:0: warning: "HAVE_STDINT_H" redefined [enabled by default]
 #define HAVE_STDINT_H /**/
 ^
conftest.c:18:0: note: this is the location of the previous definition
 #define HAVE_STDINT_H 1
 ^
C:\Users\dbyrd\AppData\Local\Temp\ccGX225S.o:conftest.c:(.text+0xc): undefined reference to `syslog'
collect2.exe: error: ld returned 1 exit status
configure:15354: $? = 1
configure: failed program was:
| /* confdefs.h */
| #define PACKAGE_NAME "log4cpp"
| #define PACKAGE_TARNAME "log4cpp"
| #define PACKAGE_VERSION "1.1"
| #define PACKAGE_STRING "log4cpp 1.1"
| #define PACKAGE_BUGREPORT ""
| #define PACKAGE_URL ""
| #define PACKAGE "log4cpp"
| #define VERSION "1.1"
| #define STDC_HEADERS 1
| #define HAVE_SYS_TYPES_H 1
| #define HAVE_SYS_STAT_H 1
| #define HAVE_STDLIB_H 1
| #define HAVE_STRING_H 1
| #define HAVE_MEMORY_H 1
| #define HAVE_STRINGS_H 1
| #define HAVE_INTTYPES_H 1
| #define HAVE_STDINT_H 1
| #define HAVE_UNISTD_H 1
| #define HAVE_DLFCN_H 1
| #define LT_OBJDIR ".libs/"
| #define HAVE_UNISTD_H 1
| #define HAVE_IO_H 1
| #define HAVE_INT64_T /**/
| #define HAVE_STDINT_H /**/
| #define HAVE_SNPRINTF /**/
| /* end confdefs.h.  */
| /* Define syslog to an innocuous variant, in case <limits.h> declares syslog.
|    For example, HP-UX 11i <limits.h> declares gettimeofday.  */
| #define syslog innocuous_syslog
| 
| /* System header to define __stub macros and hopefully few prototypes,
|     which can conflict with char syslog (); below.
|     Prefer <limits.h> to <assert.h> if __STDC__ is defined, since
|     <limits.h> exists even on freestanding compilers.  */
| 
| #ifdef __STDC__
| # include <limits.h>
| #else
| # include <assert.h>
| #endif
| 
| #undef syslog
| 
| /* Override any GCC internal prototype to avoid an error.
|    Use char because int might match the return type of a GCC
|    builtin and then its argument prototype would still apply.  */
| #ifdef __cplusplus
| extern "C"
| #endif
| char syslog ();
| /* The GNU C library defines this for functions which it implements
|     to always fail with ENOSYS.  Some functions are actually named
|     something starting with __ and the normal name is an alias.  */
| #if defined __stub_syslog || defined __stub___syslog
| choke me
| #endif
| 
| int
| main ()
| {
| return syslog ();
|   ;
|   return 0;
| }
configure:15354: result: no
configure:15365: checking for gettimeofday
configure:15365: gcc -o conftest.exe    conftest.c  >&5
conftest.c:25:0: warning: "HAVE_STDINT_H" redefined [enabled by default]
 #define HAVE_STDINT_H /**/
 ^
conftest.c:18:0: note: this is the location of the previous definition
 #define HAVE_STDINT_H 1
 ^
configure:15365: $? = 0
configure:15365: result: yes
configure:15376: checking for ftime
configure:15376: gcc -o conftest.exe    conftest.c  >&5
conftest.c:25:0: warning: "HAVE_STDINT_H" redefined [enabled by default]
 #define HAVE_STDINT_H /**/
 ^
conftest.c:18:0: note: this is the location of the previous definition
 #define HAVE_STDINT_H 1
 ^
configure:15376: $? = 0
configure:15376: result: yes
configure:15387: checking for localtime_r
configure:15387: gcc -o conftest.exe    conftest.c  >&5
conftest.c:25:0: warning: "HAVE_STDINT_H" redefined [enabled by default]
 #define HAVE_STDINT_H /**/
 ^
conftest.c:18:0: note: this is the location of the previous definition
 #define HAVE_STDINT_H 1
 ^
C:\Users\dbyrd\AppData\Local\Temp\ccglGIxf.o:conftest.c:(.text+0xc): undefined reference to `localtime_r'
collect2.exe: error: ld returned 1 exit status
configure:15387: $? = 1
configure: failed program was:
| /* confdefs.h */
| #define PACKAGE_NAME "log4cpp"
| #define PACKAGE_TARNAME "log4cpp"
| #define PACKAGE_VERSION "1.1"
| #define PACKAGE_STRING "log4cpp 1.1"
| #define PACKAGE_BUGREPORT ""
| #define PACKAGE_URL ""
| #define PACKAGE "log4cpp"
| #define VERSION "1.1"
| #define STDC_HEADERS 1
| #define HAVE_SYS_TYPES_H 1
| #define HAVE_SYS_STAT_H 1
| #define HAVE_STDLIB_H 1
| #define HAVE_STRING_H 1
| #define HAVE_MEMORY_H 1
| #define HAVE_STRINGS_H 1
| #define HAVE_INTTYPES_H 1
| #define HAVE_STDINT_H 1
| #define HAVE_UNISTD_H 1
| #define HAVE_DLFCN_H 1
| #define LT_OBJDIR ".libs/"
| #define HAVE_UNISTD_H 1
| #define HAVE_IO_H 1
| #define HAVE_INT64_T /**/
| #define HAVE_STDINT_H /**/
| #define HAVE_SNPRINTF /**/
| #define HAVE_GETTIMEOFDAY 1
| #define HAVE_FTIME 1
| /* end confdefs.h.  */
| /* Define localtime_r to an innocuous variant, in case <limits.h> declares localtime_r.
|    For example, HP-UX 11i <limits.h> declares gettimeofday.  */
| #define localtime_r innocuous_localtime_r
| 
| /* System header to define __stub macros and hopefully few prototypes,
|     which can conflict with char localtime_r (); below.
|     Prefer <limits.h> to <assert.h> if __STDC__ is defined, since
|     <limits.h> exists even on freestanding compilers.  */
| 
| #ifdef __STDC__
| # include <limits.h>
| #else
| # include <assert.h>
| #endif
| 
| #undef localtime_r
| 
| /* Override any GCC internal prototype to avoid an error.
|    Use char because int might match the return type of a GCC
|    builtin and then its argument prototype would still apply.  */
| #ifdef __cplusplus
| extern "C"
| #endif
| char localtime_r ();
| /* The GNU C library defines this for functions which it implements
|     to always fail with ENOSYS.  Some functions are actually named
|     something starting with __ and the normal name is an alias.  */
| #if defined __stub_localtime_r || defined __stub___localtime_r
| choke me
| #endif
| 
| int
| main ()
| {
| return localtime_r ();
|   ;
|   return 0;
| }
configure:15387: result: no
configure:15566: checking for the pthreads library -lpthreads
configure:15599: gcc -o conftest.exe     conftest.c -lpthreads  >&5
conftest.c:25:0: warning: "HAVE_STDINT_H" redefined [enabled by default]
 #define HAVE_STDINT_H /**/
 ^
conftest.c:18:0: note: this is the location of the previous definition
 #define HAVE_STDINT_H 1
 ^
conftest.c:30:21: fatal error: pthread.h: No such file or directory
 #include <pthread.h>
                     ^
compilation terminated.
configure:15599: $? = 1
configure: failed program was:
| /* confdefs.h */
| #define PACKAGE_NAME "log4cpp"
| #define PACKAGE_TARNAME "log4cpp"
| #define PACKAGE_VERSION "1.1"
| #define PACKAGE_STRING "log4cpp 1.1"
| #define PACKAGE_BUGREPORT ""
| #define PACKAGE_URL ""
| #define PACKAGE "log4cpp"
| #define VERSION "1.1"
| #define STDC_HEADERS 1
| #define HAVE_SYS_TYPES_H 1
| #define HAVE_SYS_STAT_H 1
| #define HAVE_STDLIB_H 1
| #define HAVE_STRING_H 1
| #define HAVE_MEMORY_H 1
| #define HAVE_STRINGS_H 1
| #define HAVE_INTTYPES_H 1
| #define HAVE_STDINT_H 1
| #define HAVE_UNISTD_H 1
| #define HAVE_DLFCN_H 1
| #define LT_OBJDIR ".libs/"
| #define HAVE_UNISTD_H 1
| #define HAVE_IO_H 1
| #define HAVE_INT64_T /**/
| #define HAVE_STDINT_H /**/
| #define HAVE_SNPRINTF /**/
| #define HAVE_GETTIMEOFDAY 1
| #define HAVE_FTIME 1
| /* end confdefs.h.  */
| #include <pthread.h>
| int
| main ()
| {
| pthread_t th; pthread_join(th, 0);
|                      pthread_attr_init(0); pthread_cleanup_push(0, 0);
|                      pthread_create(0,0,0,0); pthread_cleanup_pop(0);
|   ;
|   return 0;
| }
configure:15608: result: no
configure:15511: checking whether pthreads work without any flags
configure:15599: gcc -o conftest.exe     conftest.c   >&5
conftest.c:25:0: warning: "HAVE_STDINT_H" redefined [enabled by default]
 #define HAVE_STDINT_H /**/
 ^
conftest.c:18:0: note: this is the location of the previous definition
 #define HAVE_STDINT_H 1
 ^
conftest.c:30:21: fatal error: pthread.h: No such file or directory
 #include <pthread.h>
                     ^
compilation terminated.
configure:15599: $? = 1
configure: failed program was:
| /* confdefs.h */
| #define PACKAGE_NAME "log4cpp"
| #define PACKAGE_TARNAME "log4cpp"
| #define PACKAGE_VERSION "1.1"
| #define PACKAGE_STRING "log4cpp 1.1"
| #define PACKAGE_BUGREPORT ""
| #define PACKAGE_URL ""
| #define PACKAGE "log4cpp"
| #define VERSION "1.1"
| #define STDC_HEADERS 1
| #define HAVE_SYS_TYPES_H 1
| #define HAVE_SYS_STAT_H 1
| #define HAVE_STDLIB_H 1
| #define HAVE_STRING_H 1
| #define HAVE_MEMORY_H 1
| #define HAVE_STRINGS_H 1
| #define HAVE_INTTYPES_H 1
| #define HAVE_STDINT_H 1
| #define HAVE_UNISTD_H 1
| #define HAVE_DLFCN_H 1
| #define LT_OBJDIR ".libs/"
| #define HAVE_UNISTD_H 1
| #define HAVE_IO_H 1
| #define HAVE_INT64_T /**/
| #define HAVE_STDINT_H /**/
| #define HAVE_SNPRINTF /**/
| #define HAVE_GETTIMEOFDAY 1
| #define HAVE_FTIME 1
| /* end confdefs.h.  */
| #include <pthread.h>
| int
| main ()
| {
| pthread_t th; pthread_join(th, 0);
|                      pthread_attr_init(0); pthread_cleanup_push(0, 0);
|                      pthread_create(0,0,0,0); pthread_cleanup_pop(0);
|   ;
|   return 0;
| }
configure:15608: result: no
configure:15516: checking whether pthreads work with -Kthread
configure:15599: gcc -o conftest.exe  -Kthread   conftest.c   >&5
gcc.exe: error: unrecognized command line option '-Kthread'
configure:15599: $? = 1
configure: failed program was:
| /* confdefs.h */
| #define PACKAGE_NAME "log4cpp"
| #define PACKAGE_TARNAME "log4cpp"
| #define PACKAGE_VERSION "1.1"
| #define PACKAGE_STRING "log4cpp 1.1"
| #define PACKAGE_BUGREPORT ""
| #define PACKAGE_URL ""
| #define PACKAGE "log4cpp"
| #define VERSION "1.1"
| #define STDC_HEADERS 1
| #define HAVE_SYS_TYPES_H 1
| #define HAVE_SYS_STAT_H 1
| #define HAVE_STDLIB_H 1
| #define HAVE_STRING_H 1
| #define HAVE_MEMORY_H 1
| #define HAVE_STRINGS_H 1
| #define HAVE_INTTYPES_H 1
| #define HAVE_STDINT_H 1
| #define HAVE_UNISTD_H 1
| #define HAVE_DLFCN_H 1
| #define LT_OBJDIR ".libs/"
| #define HAVE_UNISTD_H 1
| #define HAVE_IO_H 1
| #define HAVE_INT64_T /**/
| #define HAVE_STDINT_H /**/
| #define HAVE_SNPRINTF /**/
| #define HAVE_GETTIMEOFDAY 1
| #define HAVE_FTIME 1
| /* end confdefs.h.  */
| #include <pthread.h>
| int
| main ()
| {
| pthread_t th; pthread_join(th, 0);
|                      pthread_attr_init(0); pthread_cleanup_push(0, 0);
|                      pthread_create(0,0,0,0); pthread_cleanup_pop(0);
|   ;
|   return 0;
| }
configure:15608: result: no
configure:15516: checking whether pthreads work with -kthread
configure:15599: gcc -o conftest.exe  -kthread   conftest.c   >&5
gcc.exe: error: unrecognized command line option '-kthread'
configure:15599: $? = 1
configure: failed program was:
| /* confdefs.h */
| #define PACKAGE_NAME "log4cpp"
| #define PACKAGE_TARNAME "log4cpp"
| #define PACKAGE_VERSION "1.1"
| #define PACKAGE_STRING "log4cpp 1.1"
| #define PACKAGE_BUGREPORT ""
| #define PACKAGE_URL ""
| #define PACKAGE "log4cpp"
| #define VERSION "1.1"
| #define STDC_HEADERS 1
| #define HAVE_SYS_TYPES_H 1
| #define HAVE_SYS_STAT_H 1
| #define HAVE_STDLIB_H 1
| #define HAVE_STRING_H 1
| #define HAVE_MEMORY_H 1
| #define HAVE_STRINGS_H 1
| #define HAVE_INTTYPES_H 1
| #define HAVE_STDINT_H 1
| #define HAVE_UNISTD_H 1
| #define HAVE_DLFCN_H 1
| #define LT_OBJDIR ".libs/"
| #define HAVE_UNISTD_H 1
| #define HAVE_IO_H 1
| #define HAVE_INT64_T /**/
| #define HAVE_STDINT_H /**/
| #define HAVE_SNPRINTF /**/
| #define HAVE_GETTIMEOFDAY 1
| #define HAVE_FTIME 1
| /* end confdefs.h.  */
| #include <pthread.h>
| int
| main ()
| {
| pthread_t th; pthread_join(th, 0);
|                      pthread_attr_init(0); pthread_cleanup_push(0, 0);
|                      pthread_create(0,0,0,0); pthread_cleanup_pop(0);
|   ;
|   return 0;
| }
configure:15608: result: no
configure:15566: checking for the pthreads library -llthread
configure:15599: gcc -o conftest.exe     conftest.c -llthread  >&5
conftest.c:25:0: warning: "HAVE_STDINT_H" redefined [enabled by default]
 #define HAVE_STDINT_H /**/
 ^
conftest.c:18:0: note: this is the location of the previous definition
 #define HAVE_STDINT_H 1
 ^
conftest.c:30:21: fatal error: pthread.h: No such file or directory
 #include <pthread.h>
                     ^
compilation terminated.
configure:15599: $? = 1
configure: failed program was:
| /* confdefs.h */
| #define PACKAGE_NAME "log4cpp"
| #define PACKAGE_TARNAME "log4cpp"
| #define PACKAGE_VERSION "1.1"
| #define PACKAGE_STRING "log4cpp 1.1"
| #define PACKAGE_BUGREPORT ""
| #define PACKAGE_URL ""
| #define PACKAGE "log4cpp"
| #define VERSION "1.1"
| #define STDC_HEADERS 1
| #define HAVE_SYS_TYPES_H 1
| #define HAVE_SYS_STAT_H 1
| #define HAVE_STDLIB_H 1
| #define HAVE_STRING_H 1
| #define HAVE_MEMORY_H 1
| #define HAVE_STRINGS_H 1
| #define HAVE_INTTYPES_H 1
| #define HAVE_STDINT_H 1
| #define HAVE_UNISTD_H 1
| #define HAVE_DLFCN_H 1
| #define LT_OBJDIR ".libs/"
| #define HAVE_UNISTD_H 1
| #define HAVE_IO_H 1
| #define HAVE_INT64_T /**/
| #define HAVE_STDINT_H /**/
| #define HAVE_SNPRINTF /**/
| #define HAVE_GETTIMEOFDAY 1
| #define HAVE_FTIME 1
| /* end confdefs.h.  */
| #include <pthread.h>
| int
| main ()
| {
| pthread_t th; pthread_join(th, 0);
|                      pthread_attr_init(0); pthread_cleanup_push(0, 0);
|                      pthread_create(0,0,0,0); pthread_cleanup_pop(0);
|   ;
|   return 0;
| }
configure:15608: result: no
configure:15516: checking whether pthreads work with -pthread
configure:15599: gcc -o conftest.exe  -pthread   conftest.c   >&5
conftest.c:25:0: warning: "HAVE_STDINT_H" redefined [enabled by default]
 #define HAVE_STDINT_H /**/
 ^
conftest.c:18:0: note: this is the location of the previous definition
 #define HAVE_STDINT_H 1
 ^
conftest.c:30:21: fatal error: pthread.h: No such file or directory
 #include <pthread.h>
                     ^
compilation terminated.
configure:15599: $? = 1
configure: failed program was:
| /* confdefs.h */
| #define PACKAGE_NAME "log4cpp"
| #define PACKAGE_TARNAME "log4cpp"
| #define PACKAGE_VERSION "1.1"
| #define PACKAGE_STRING "log4cpp 1.1"
| #define PACKAGE_BUGREPORT ""
| #define PACKAGE_URL ""
| #define PACKAGE "log4cpp"
| #define VERSION "1.1"
| #define STDC_HEADERS 1
| #define HAVE_SYS_TYPES_H 1
| #define HAVE_SYS_STAT_H 1
| #define HAVE_STDLIB_H 1
| #define HAVE_STRING_H 1
| #define HAVE_MEMORY_H 1
| #define HAVE_STRINGS_H 1
| #define HAVE_INTTYPES_H 1
| #define HAVE_STDINT_H 1
| #define HAVE_UNISTD_H 1
| #define HAVE_DLFCN_H 1
| #define LT_OBJDIR ".libs/"
| #define HAVE_UNISTD_H 1
| #define HAVE_IO_H 1
| #define HAVE_INT64_T /**/
| #define HAVE_STDINT_H /**/
| #define HAVE_SNPRINTF /**/
| #define HAVE_GETTIMEOFDAY 1
| #define HAVE_FTIME 1
| /* end confdefs.h.  */
| #include <pthread.h>
| int
| main ()
| {
| pthread_t th; pthread_join(th, 0);
|                      pthread_attr_init(0); pthread_cleanup_push(0, 0);
|                      pthread_create(0,0,0,0); pthread_cleanup_pop(0);
|   ;
|   return 0;
| }
configure:15608: result: no
configure:15516: checking whether pthreads work with -pthreads
configure:15599: gcc -o conftest.exe  -pthreads   conftest.c   >&5
gcc.exe: error: unrecognized command line option '-pthreads'
configure:15599: $? = 1
configure: failed program was:
| /* confdefs.h */
| #define PACKAGE_NAME "log4cpp"
| #define PACKAGE_TARNAME "log4cpp"
| #define PACKAGE_VERSION "1.1"
| #define PACKAGE_STRING "log4cpp 1.1"
| #define PACKAGE_BUGREPORT ""
| #define PACKAGE_URL ""
| #define PACKAGE "log4cpp"
| #define VERSION "1.1"
| #define STDC_HEADERS 1
| #define HAVE_SYS_TYPES_H 1
| #define HAVE_SYS_STAT_H 1
| #define HAVE_STDLIB_H 1
| #define HAVE_STRING_H 1
| #define HAVE_MEMORY_H 1
| #define HAVE_STRINGS_H 1
| #define HAVE_INTTYPES_H 1
| #define HAVE_STDINT_H 1
| #define HAVE_UNISTD_H 1
| #define HAVE_DLFCN_H 1
| #define LT_OBJDIR ".libs/"
| #define HAVE_UNISTD_H 1
| #define HAVE_IO_H 1
| #define HAVE_INT64_T /**/
| #define HAVE_STDINT_H /**/
| #define HAVE_SNPRINTF /**/
| #define HAVE_GETTIMEOFDAY 1
| #define HAVE_FTIME 1
| /* end confdefs.h.  */
| #include <pthread.h>
| int
| main ()
| {
| pthread_t th; pthread_join(th, 0);
|                      pthread_attr_init(0); pthread_cleanup_push(0, 0);
|                      pthread_create(0,0,0,0); pthread_cleanup_pop(0);
|   ;
|   return 0;
| }
configure:15608: result: no
configure:15516: checking whether pthreads work with -mthreads
configure:15599: gcc -o conftest.exe  -mthreads   conftest.c   >&5
conftest.c:25:0: warning: "HAVE_STDINT_H" redefined [enabled by default]
 #define HAVE_STDINT_H /**/
 ^
conftest.c:18:0: note: this is the location of the previous definition
 #define HAVE_STDINT_H 1
 ^
conftest.c:30:21: fatal error: pthread.h: No such file or directory
 #include <pthread.h>
                     ^
compilation terminated.
configure:15599: $? = 1
configure: failed program was:
| /* confdefs.h */
| #define PACKAGE_NAME "log4cpp"
| #define PACKAGE_TARNAME "log4cpp"
| #define PACKAGE_VERSION "1.1"
| #define PACKAGE_STRING "log4cpp 1.1"
| #define PACKAGE_BUGREPORT ""
| #define PACKAGE_URL ""
| #define PACKAGE "log4cpp"
| #define VERSION "1.1"
| #define STDC_HEADERS 1
| #define HAVE_SYS_TYPES_H 1
| #define HAVE_SYS_STAT_H 1
| #define HAVE_STDLIB_H 1
| #define HAVE_STRING_H 1
| #define HAVE_MEMORY_H 1
| #define HAVE_STRINGS_H 1
| #define HAVE_INTTYPES_H 1
| #define HAVE_STDINT_H 1
| #define HAVE_UNISTD_H 1
| #define HAVE_DLFCN_H 1
| #define LT_OBJDIR ".libs/"
| #define HAVE_UNISTD_H 1
| #define HAVE_IO_H 1
| #define HAVE_INT64_T /**/
| #define HAVE_STDINT_H /**/
| #define HAVE_SNPRINTF /**/
| #define HAVE_GETTIMEOFDAY 1
| #define HAVE_FTIME 1
| /* end confdefs.h.  */
| #include <pthread.h>
| int
| main ()
| {
| pthread_t th; pthread_join(th, 0);
|                      pthread_attr_init(0); pthread_cleanup_push(0, 0);
|                      pthread_create(0,0,0,0); pthread_cleanup_pop(0);
|   ;
|   return 0;
| }
configure:15608: result: no
configure:15566: checking for the pthreads library -lpthread
configure:15599: gcc -o conftest.exe     conftest.c -lpthread  >&5
conftest.c:25:0: warning: "HAVE_STDINT_H" redefined [enabled by default]
 #define HAVE_STDINT_H /**/
 ^
conftest.c:18:0: note: this is the location of the previous definition
 #define HAVE_STDINT_H 1
 ^
conftest.c:30:21: fatal error: pthread.h: No such file or directory
 #include <pthread.h>
                     ^
compilation terminated.
configure:15599: $? = 1
configure: failed program was:
| /* confdefs.h */
| #define PACKAGE_NAME "log4cpp"
| #define PACKAGE_TARNAME "log4cpp"
| #define PACKAGE_VERSION "1.1"
| #define PACKAGE_STRING "log4cpp 1.1"
| #define PACKAGE_BUGREPORT ""
| #define PACKAGE_URL ""
| #define PACKAGE "log4cpp"
| #define VERSION "1.1"
| #define STDC_HEADERS 1
| #define HAVE_SYS_TYPES_H 1
| #define HAVE_SYS_STAT_H 1
| #define HAVE_STDLIB_H 1
| #define HAVE_STRING_H 1
| #define HAVE_MEMORY_H 1
| #define HAVE_STRINGS_H 1
| #define HAVE_INTTYPES_H 1
| #define HAVE_STDINT_H 1
| #define HAVE_UNISTD_H 1
| #define HAVE_DLFCN_H 1
| #define LT_OBJDIR ".libs/"
| #define HAVE_UNISTD_H 1
| #define HAVE_IO_H 1
| #define HAVE_INT64_T /**/
| #define HAVE_STDINT_H /**/
| #define HAVE_SNPRINTF /**/
| #define HAVE_GETTIMEOFDAY 1
| #define HAVE_FTIME 1
| /* end confdefs.h.  */
| #include <pthread.h>
| int
| main ()
| {
| pthread_t th; pthread_join(th, 0);
|                      pthread_attr_init(0); pthread_cleanup_push(0, 0);
|                      pthread_create(0,0,0,0); pthread_cleanup_pop(0);
|   ;
|   return 0;
| }
configure:15608: result: no
configure:15516: checking whether pthreads work with --thread-safe
configure:15599: gcc -o conftest.exe  --thread-safe   conftest.c   >&5
gcc.exe: error: unrecognized command line option '--thread-safe'
configure:15599: $? = 1
configure: failed program was:
| /* confdefs.h */
| #define PACKAGE_NAME "log4cpp"
| #define PACKAGE_TARNAME "log4cpp"
| #define PACKAGE_VERSION "1.1"
| #define PACKAGE_STRING "log4cpp 1.1"
| #define PACKAGE_BUGREPORT ""
| #define PACKAGE_URL ""
| #define PACKAGE "log4cpp"
| #define VERSION "1.1"
| #define STDC_HEADERS 1
| #define HAVE_SYS_TYPES_H 1
| #define HAVE_SYS_STAT_H 1
| #define HAVE_STDLIB_H 1
| #define HAVE_STRING_H 1
| #define HAVE_MEMORY_H 1
| #define HAVE_STRINGS_H 1
| #define HAVE_INTTYPES_H 1
| #define HAVE_STDINT_H 1
| #define HAVE_UNISTD_H 1
| #define HAVE_DLFCN_H 1
| #define LT_OBJDIR ".libs/"
| #define HAVE_UNISTD_H 1
| #define HAVE_IO_H 1
| #define HAVE_INT64_T /**/
| #define HAVE_STDINT_H /**/
| #define HAVE_SNPRINTF /**/
| #define HAVE_GETTIMEOFDAY 1
| #define HAVE_FTIME 1
| /* end confdefs.h.  */
| #include <pthread.h>
| int
| main ()
| {
| pthread_t th; pthread_join(th, 0);
|                      pthread_attr_init(0); pthread_cleanup_push(0, 0);
|                      pthread_create(0,0,0,0); pthread_cleanup_pop(0);
|   ;
|   return 0;
| }
configure:15608: result: no
configure:15516: checking whether pthreads work with -mt
configure:15599: gcc -o conftest.exe  -mt   conftest.c   >&5
gcc.exe: error: unrecognized command line option '-mt'
configure:15599: $? = 1
configure: failed program was:
| /* confdefs.h */
| #define PACKAGE_NAME "log4cpp"
| #define PACKAGE_TARNAME "log4cpp"
| #define PACKAGE_VERSION "1.1"
| #define PACKAGE_STRING "log4cpp 1.1"
| #define PACKAGE_BUGREPORT ""
| #define PACKAGE_URL ""
| #define PACKAGE "log4cpp"
| #define VERSION "1.1"
| #define STDC_HEADERS 1
| #define HAVE_SYS_TYPES_H 1
| #define HAVE_SYS_STAT_H 1
| #define HAVE_STDLIB_H 1
| #define HAVE_STRING_H 1
| #define HAVE_MEMORY_H 1
| #define HAVE_STRINGS_H 1
| #define HAVE_INTTYPES_H 1
| #define HAVE_STDINT_H 1
| #define HAVE_UNISTD_H 1
| #define HAVE_DLFCN_H 1
| #define LT_OBJDIR ".libs/"
| #define HAVE_UNISTD_H 1
| #define HAVE_IO_H 1
| #define HAVE_INT64_T /**/
| #define HAVE_STDINT_H /**/
| #define HAVE_SNPRINTF /**/
| #define HAVE_GETTIMEOFDAY 1
| #define HAVE_FTIME 1
| /* end confdefs.h.  */
| #include <pthread.h>
| int
| main ()
| {
| pthread_t th; pthread_join(th, 0);
|                      pthread_attr_init(0); pthread_cleanup_push(0, 0);
|                      pthread_create(0,0,0,0); pthread_cleanup_pop(0);
|   ;
|   return 0;
| }
configure:15608: result: no
configure:15524: checking for pthread-config
configure:15552: result: no
configure:15753: error: unable to find pthreads, currently this is required

## ---------------- ##
## Cache variables. ##
## ---------------- ##

ac_cv_build=i686-pc-mingw32
ac_cv_c_compiler_gnu=yes
ac_cv_c_int64_t=yes
ac_cv_cxx_compiler_gnu=yes
ac_cv_env_CCC_set=
ac_cv_env_CCC_value=
ac_cv_env_CC_set=
ac_cv_env_CC_value=
ac_cv_env_CFLAGS_set=
ac_cv_env_CFLAGS_value=
ac_cv_env_CPPFLAGS_set=
ac_cv_env_CPPFLAGS_value=
ac_cv_env_CPP_set=
ac_cv_env_CPP_value=
ac_cv_env_CXXCPP_set=
ac_cv_env_CXXCPP_value=
ac_cv_env_CXXFLAGS_set=
ac_cv_env_CXXFLAGS_value=
ac_cv_env_CXX_set=
ac_cv_env_CXX_value=
ac_cv_env_LDFLAGS_set=
ac_cv_env_LDFLAGS_value=
ac_cv_env_LIBS_set=
ac_cv_env_LIBS_value=
ac_cv_env_build_alias_set=
ac_cv_env_build_alias_value=
ac_cv_env_host_alias_set=
ac_cv_env_host_alias_value=
ac_cv_env_target_alias_set=
ac_cv_env_target_alias_value=
ac_cv_exeext=.exe
ac_cv_func_ftime=yes
ac_cv_func_gettimeofday=yes
ac_cv_func_localtime_r=no
ac_cv_func_snprintf=yes
ac_cv_func_syslog=no
ac_cv_header_dlfcn_h=yes
ac_cv_header_inttypes_h=yes
ac_cv_header_io_h=yes
ac_cv_header_memory_h=yes
ac_cv_header_stdc=yes
ac_cv_header_stdint_h=yes
ac_cv_header_stdlib_h=yes
ac_cv_header_string_h=yes
ac_cv_header_strings_h=yes
ac_cv_header_sys_stat_h=yes
ac_cv_header_sys_types_h=yes
ac_cv_header_unistd_h=yes
ac_cv_host=i686-pc-mingw32
ac_cv_objext=o
ac_cv_path_EGREP='/bin/grep -E'
ac_cv_path_FGREP='/bin/grep -F'
ac_cv_path_GREP=/bin/grep
ac_cv_path_SED=/bin/sed
ac_cv_path_install='/bin/install -c'
ac_cv_path_mkdir=/bin/mkdir
ac_cv_prog_AWK=gawk
ac_cv_prog_CPP='gcc -E'
ac_cv_prog_CXXCPP='g++ -E'
ac_cv_prog_ac_ct_AR=ar
ac_cv_prog_ac_ct_CC=gcc
ac_cv_prog_ac_ct_CXX=g++
ac_cv_prog_ac_ct_DLLTOOL=dlltool
ac_cv_prog_ac_ct_OBJDUMP=objdump
ac_cv_prog_ac_ct_RANLIB=ranlib
ac_cv_prog_ac_ct_STRIP=strip
ac_cv_prog_acx_pthread_config=no
ac_cv_prog_cc_c89=
ac_cv_prog_cc_g=yes
ac_cv_prog_cxx_g=yes
ac_cv_prog_make_make_set=yes
am_cv_CC_dependencies_compiler_type=gcc3
am_cv_CXX_dependencies_compiler_type=gcc3
lt_cv_ar_at_file=@
lt_cv_archive_cmds_need_lc=yes
lt_cv_deplibs_check_method='file_magic ^x86 archive import|^x86 DLL'
lt_cv_file_magic_cmd=func_win32_libid
lt_cv_file_magic_test_file=
lt_cv_ld_reload_flag=-r
lt_cv_nm_interface='BSD nm'
lt_cv_objdir=.libs
lt_cv_path_LD=c:/mingw/mingw32/bin/ld.exe
lt_cv_path_LDCXX=c:/mingw/mingw32/bin/ld.exe
lt_cv_path_NM=/mingw/bin/nm
lt_cv_path_mainfest_tool=no
lt_cv_prog_compiler_c_o=yes
lt_cv_prog_compiler_c_o_CXX=yes
lt_cv_prog_compiler_pic='-DDLL_EXPORT -DPIC'
lt_cv_prog_compiler_pic_CXX='-DDLL_EXPORT -DPIC'
lt_cv_prog_compiler_pic_works=yes
lt_cv_prog_compiler_pic_works_CXX=yes
lt_cv_prog_compiler_rtti_exceptions=no
lt_cv_prog_compiler_static_works=yes
lt_cv_prog_compiler_static_works_CXX=yes
lt_cv_prog_gnu_ld=yes
lt_cv_prog_gnu_ldcxx=yes
lt_cv_sharedlib_from_linklib_cmd=func_cygming_dll_for_implib
lt_cv_sys_global_symbol_pipe='sed -n -e '\''s/^.*[	 ]\([ABCDGIRSTW][ABCDGIRSTW]*\)[	 ][	 ]*_\([_A-Za-z][_A-Za-z0-9]*\)\{0,1\}$/\1 _\2 \2/p'\'' | sed '\''/ __gnu_lto/d'\'''
lt_cv_sys_global_symbol_to_c_name_address='sed -n -e '\''s/^: \([^ ]*\)[ ]*$/  {\"\1\", (void *) 0},/p'\'' -e '\''s/^[ABCDGIRSTW]* \([^ ]*\) \([^ ]*\)$/  {"\2", (void *) \&\2},/p'\'''
lt_cv_sys_global_symbol_to_c_name_address_lib_prefix='sed -n -e '\''s/^: \([^ ]*\)[ ]*$/  {\"\1\", (void *) 0},/p'\'' -e '\''s/^[ABCDGIRSTW]* \([^ ]*\) \(lib[^ ]*\)$/  {"\2", (void *) \&\2},/p'\'' -e '\''s/^[ABCDGIRSTW]* \([^ ]*\) \([^ ]*\)$/  {"lib\2", (void *) \&\2},/p'\'''
lt_cv_sys_global_symbol_to_cdecl='sed -n -e '\''s/^T .* \(.*\)$/extern int \1();/p'\'' -e '\''s/^[ABCDGIRSTW]* .* \(.*\)$/extern char \1;/p'\'''
lt_cv_sys_max_cmd_len=8192
lt_cv_to_host_file_cmd=func_convert_file_msys_to_w32
lt_cv_to_tool_file_cmd=func_convert_file_msys_to_w32

## ----------------- ##
## Output variables. ##
## ----------------- ##

ACLOCAL='aclocal-1.11'
AMDEPBACKSLASH='\'
AMDEP_FALSE='#'
AMDEP_TRUE=''
AMTAR='$${TAR-tar}'
AR='ar'
AUTOCONF='autoconf'
AUTOHEADER='autoheader'
AUTOMAKE='automake-1.11'
AWK='gawk'
CC='gcc'
CCDEPMODE='depmode=gcc3'
CFLAGS=''
CPP='gcc -E'
CPPFLAGS=''
CXX='g++'
CXXCPP='g++ -E'
CXXDEPMODE='depmode=gcc3'
CXXFLAGS=''
CYGPATH_W='echo'
DEFS=''
DEPDIR='.deps'
DISABLE_REMOTE_SYSLOG_FALSE=''
DISABLE_REMOTE_SYSLOG_TRUE=''
DISABLE_SMTP_FALSE=''
DISABLE_SMTP_TRUE=''
DLLTOOL='dlltool'
DOC_FALSE=''
DOC_TRUE=''
DOT=''
DOXYGEN=''
DSYMUTIL=''
DUMPBIN=''
ECHO_C=''
ECHO_N='-n'
ECHO_T=''
EGREP='/bin/grep -E'
EXEEXT='.exe'
FGREP='/bin/grep -F'
GREP='/bin/grep'
INSTALL_DATA='${INSTALL} -m 644'
INSTALL_PROGRAM='${INSTALL}'
INSTALL_SCRIPT='${INSTALL}'
INSTALL_STRIP_PROGRAM='$(install_sh) -c -s'
LD='c:/mingw/mingw32/bin/ld.exe'
LDFLAGS=''
LIBOBJS=''
LIBS=''
LIBTOOL='$(SHELL) $(top_builddir)/libtool'
LIPO=''
LN_S='cp -p'
LOG4CPP_CONFIG=''
LOG4CPP_CONFLICTS=''
LOG4CPP_PKGCONFIG=''
LOG4CPP_REQUIRES=''
LOG4CPP_VERSION=''
LTLIBOBJS=''
LT_VERSION='5:6:0'
MAKEINFO='makeinfo'
MANIFEST_TOOL=':'
MKDIR_P='/bin/mkdir -p'
NM='/mingw/bin/nm'
NMEDIT=''
OBJDUMP='objdump'
OBJEXT='o'
OTOOL64=''
OTOOL=''
PACKAGE='log4cpp'
PACKAGE_BUGREPORT=''
PACKAGE_NAME='log4cpp'
PACKAGE_STRING='log4cpp 1.1'
PACKAGE_TARNAME='log4cpp'
PACKAGE_URL=''
PACKAGE_VERSION='1.1'
PATH_SEPARATOR=':'
PTHREAD_CC='gcc'
PTHREAD_CFLAGS=''
PTHREAD_LIBS=''
RANLIB='ranlib'
SED='/bin/sed'
SET_MAKE=''
SHELL='/bin/sh'
STRIP='strip'
VERSION='1.1'
ac_ct_AR='ar'
ac_ct_CC='gcc'
ac_ct_CXX='g++'
ac_ct_DUMPBIN=''
acx_pthread_config='no'
am__EXEEXT_FALSE=''
am__EXEEXT_TRUE=''
am__fastdepCC_FALSE='#'
am__fastdepCC_TRUE=''
am__fastdepCXX_FALSE='#'
am__fastdepCXX_TRUE=''
am__include='include'
am__isrc=''
am__leading_dot='.'
am__nodep='_no'
am__quote=''
am__tar='$${TAR-tar} chof - "$$tardir"'
am__untar='$${TAR-tar} xf -'
bindir='${exec_prefix}/bin'
build='i686-pc-mingw32'
build_alias=''
build_cpu='i686'
build_os='mingw32'
build_vendor='pc'
datadir='${datarootdir}'
datarootdir='${prefix}/share'
docdir='${datarootdir}/doc/${PACKAGE_TARNAME}'
dvidir='${docdir}'
enable_dot=''
enable_html_docs=''
enable_latex_docs=''
exec_prefix='NONE'
host='i686-pc-mingw32'
host_alias=''
host_cpu='i686'
host_os='mingw32'
host_vendor='pc'
htmldir='${docdir}'
includedir='${prefix}/include'
infodir='${datarootdir}/info'
install_sh='${SHELL} /d/BioGears/lib/log4cpp/config/install-sh'
libdir='${exec_prefix}/lib'
libexecdir='${exec_prefix}/libexec'
localedir='${datarootdir}/locale'
localstatedir='${prefix}/var'
log4cpp_cflags=''
log4cpp_libs=''
mandir='${datarootdir}/man'
mkdir_p='/bin/mkdir -p'
oldincludedir='/usr/include'
pdfdir='${docdir}'
prefix='NONE'
program_transform_name='s,x,x,'
psdir='${docdir}'
sbindir='${exec_prefix}/sbin'
sharedstatedir='${prefix}/com'
sysconfdir='${prefix}/etc'
target=''
target_alias=''

## ----------- ##
## confdefs.h. ##
## ----------- ##

/* confdefs.h */
#define PACKAGE_NAME "log4cpp"
#define PACKAGE_TARNAME "log4cpp"
#define PACKAGE_VERSION "1.1"
#define PACKAGE_STRING "log4cpp 1.1"
#define PACKAGE_BUGREPORT ""
#define PACKAGE_URL ""
#define PACKAGE "log4cpp"
#define VERSION "1.1"
#define STDC_HEADERS 1
#define HAVE_SYS_TYPES_H 1
#define HAVE_SYS_STAT_H 1
#define HAVE_STDLIB_H 1
#define HAVE_STRING_H 1
#define HAVE_MEMORY_H 1
#define HAVE_STRINGS_H 1
#define HAVE_INTTYPES_H 1
#define HAVE_STDINT_H 1
#define HAVE_UNISTD_H 1
#define HAVE_DLFCN_H 1
#define LT_OBJDIR ".libs/"
#define HAVE_UNISTD_H 1
#define HAVE_IO_H 1
#define HAVE_INT64_T /**/
#define HAVE_STDINT_H /**/
#define HAVE_SNPRINTF /**/
#define HAVE_GETTIMEOFDAY 1
#define HAVE_FTIME 1

configure: exit 1
